<?xml version="1.0" encoding="UTF-8"?>
<!-- Generated by org.testng.reporters.JUnitReportReporter -->
<testsuite hostname="LAPTOP-TPUJHBBQ" failures="0" tests="3" name="inventory.UnitsMeasureTest" time="8.447" errors="0" timestamp="2020-10-13T17:49:25 IST" skipped="0">
  <testcase classname="inventory.UnitsMeasureTest" name="Login" time="2.086"/>
  <system-out/>
  <testcase classname="inventory.UnitsMeasureTest" name="AddUnitofMeasure" time="5.818"/>
  <system-out/>
  <testcase classname="inventory.UnitsMeasureTest" name="Logout" time="0.543"/>
  <system-out/>
</testsuite> <!-- inventory.UnitsMeasureTest -->
