<?xml version="1.0" encoding="UTF-8"?>
<!-- Generated by org.testng.reporters.JUnitReportReporter -->
<testsuite hostname="LAPTOP-TPUJHBBQ" failures="0" tests="3" name="salespack.SalesTypeTest" time="19.209" errors="0" timestamp="2020-10-13T17:49:25 IST" skipped="0">
  <testcase classname="salespack.SalesTypeTest" name="Login" time="4.752"/>
  <system-out/>
  <testcase classname="salespack.SalesTypeTest" name="Addsalestype" time="10.970"/>
  <system-out/>
  <testcase classname="salespack.SalesTypeTest" name="Logout" time="3.487"/>
  <system-out/>
</testsuite> <!-- salespack.SalesTypeTest -->
