<?xml version="1.0" encoding="UTF-8"?>
<!-- Generated by org.testng.reporters.JUnitReportReporter -->
<testsuite hostname="LAPTOP-TPUJHBBQ" failures="0" tests="3" name="salespack.SalespersonTest" time="9.192" errors="0" timestamp="2020-10-13T17:49:25 IST" skipped="0">
  <testcase classname="salespack.SalespersonTest" name="Login" time="1.575"/>
  <system-out/>
  <testcase classname="salespack.SalespersonTest" name="AddSalesPersons" time="7.240"/>
  <system-out/>
  <testcase classname="salespack.SalespersonTest" name="Logout" time="0.377"/>
  <system-out/>
</testsuite> <!-- salespack.SalespersonTest -->
