<?xml version="1.0" encoding="UTF-8"?>
<!-- Generated by org.testng.reporters.JUnitReportReporter -->
<testsuite hostname="LAPTOP-TPUJHBBQ" failures="0" tests="2" name="fmpack.LoginTest" time="35.275" errors="0" timestamp="2020-10-13T17:49:25 IST" skipped="0">
  <testcase classname="fmpack.LoginTest" name="Login" time="22.107"/>
  <system-out/>
  <testcase classname="fmpack.LoginTest" name="Login" time="13.168"/>
  <system-out/>
</testsuite> <!-- fmpack.LoginTest -->
