<?xml version="1.0" encoding="UTF-8"?>
<!-- Generated by org.testng.reporters.JUnitReportReporter -->
<testsuite hostname="LAPTOP-TPUJHBBQ" failures="0" tests="3" name="salespack.SalesAreasTest" time="14.528" errors="0" timestamp="2020-10-13T17:49:24 IST" skipped="0">
  <testcase classname="salespack.SalesAreasTest" name="Login" time="4.784"/>
  <system-out/>
  <testcase classname="salespack.SalesAreasTest" name="SalesArea" time="9.102"/>
  <system-out/>
  <testcase classname="salespack.SalesAreasTest" name="Logout" time="0.642"/>
  <system-out/>
</testsuite> <!-- salespack.SalesAreasTest -->
