<?xml version="1.0" encoding="UTF-8"?>
<!-- Generated by org.testng.reporters.JUnitReportReporter -->
<testsuite hostname="LAPTOP-TPUJHBBQ" failures="0" tests="3" name="inventory.InventoryLocationsTest" time="13.343" errors="0" timestamp="2020-10-13T17:49:25 IST" skipped="0">
  <testcase classname="inventory.InventoryLocationsTest" name="Login" time="3.688"/>
  <system-out/>
  <testcase classname="inventory.InventoryLocationsTest" name="Inventorylocation" time="8.918"/>
  <system-out/>
  <testcase classname="inventory.InventoryLocationsTest" name="Logout" time="0.737"/>
  <system-out/>
</testsuite> <!-- inventory.InventoryLocationsTest -->
