<?xml version="1.0" encoding="UTF-8"?>
<!-- Generated by org.testng.reporters.JUnitReportReporter -->
<testsuite hostname="LAPTOP-TPUJHBBQ" failures="0" tests="2" name="fmpack.LoginTest" time="48.342" errors="0" timestamp="2020-10-09T18:47:06 IST" skipped="0">
  <testcase classname="fmpack.LoginTest" name="Login" time="24.970"/>
  <system-out/>
  <testcase classname="fmpack.LoginTest" name="Login" time="23.372"/>
  <system-out/>
</testsuite> <!-- fmpack.LoginTest -->
