<?xml version="1.0" encoding="UTF-8"?>
<!-- Generated by org.testng.reporters.JUnitReportReporter -->
<testsuite hostname="LAPTOP-TPUJHBBQ" failures="0" tests="3" name="inventory.UnitsMeasureTest" time="7.840" errors="0" timestamp="2020-10-09T18:47:06 IST" skipped="0">
  <testcase classname="inventory.UnitsMeasureTest" name="Login" time="1.587"/>
  <system-out/>
  <testcase classname="inventory.UnitsMeasureTest" name="AddUnitofMeasure" time="5.720"/>
  <system-out/>
  <testcase classname="inventory.UnitsMeasureTest" name="Logout" time="0.533"/>
  <system-out/>
</testsuite> <!-- inventory.UnitsMeasureTest -->
