<?xml version="1.0" encoding="UTF-8"?>
<!-- Generated by org.testng.reporters.JUnitReportReporter -->
<testsuite hostname="LAPTOP-TPUJHBBQ" failures="0" tests="3" name="salespack.SalespersonTest" time="10.524" errors="0" timestamp="2020-10-09T18:47:06 IST" skipped="0">
  <testcase classname="salespack.SalespersonTest" name="Login" time="2.299"/>
  <system-out/>
  <testcase classname="salespack.SalespersonTest" name="AddSalesPersons" time="7.696"/>
  <system-out/>
  <testcase classname="salespack.SalespersonTest" name="Logout" time="0.529"/>
  <system-out/>
</testsuite> <!-- salespack.SalespersonTest -->
