<?xml version="1.0" encoding="UTF-8"?>
<!-- Generated by org.testng.reporters.JUnitReportReporter -->
<testsuite hostname="LAPTOP-TPUJHBBQ" failures="0" tests="3" name="inventory.InventoryLocationsTest" time="16.831" errors="0" timestamp="2020-10-09T18:47:06 IST" skipped="0">
  <testcase classname="inventory.InventoryLocationsTest" name="Login" time="7.863"/>
  <system-out/>
  <testcase classname="inventory.InventoryLocationsTest" name="Inventorylocation" time="8.451"/>
  <system-out/>
  <testcase classname="inventory.InventoryLocationsTest" name="Logout" time="0.517"/>
  <system-out/>
</testsuite> <!-- inventory.InventoryLocationsTest -->
