<?xml version="1.0" encoding="UTF-8"?>
<!-- Generated by org.testng.reporters.JUnitReportReporter -->
<testsuite hostname="LAPTOP-TPUJHBBQ" failures="0" tests="3" name="salespack.SalesTypeTest" time="19.260" errors="0" timestamp="2020-10-09T18:47:06 IST" skipped="0">
  <testcase classname="salespack.SalesTypeTest" name="Login" time="5.151"/>
  <system-out/>
  <testcase classname="salespack.SalesTypeTest" name="Addsalestype" time="10.611"/>
  <system-out/>
  <testcase classname="salespack.SalesTypeTest" name="Logout" time="3.498"/>
  <system-out/>
</testsuite> <!-- salespack.SalesTypeTest -->
